app/build/outputs/logs/manifest-merger-debug-report.txt
-- Merging decision tree log ---
manifest
ADDED from src\main\AndroidManifest.xml:2:1-38:12
	package
		ADDED from src\main\AndroidManifest.xml:3:5-37
		INJECTED from src\main\AndroidManifest.xml
		INJECTED from src\main\AndroidManifest.xml
	android:versionName
		ADDED from src\main\AndroidManifest.xml:5:5-30
		INJECTED from src\main\AndroidManifest.xml
		INJECTED from src\main\AndroidManifest.xml
	android:versionCode
		ADDED from src\main\AndroidManifest.xml:4:5-28
		INJECTED from src\main\AndroidManifest.xml
		INJECTED from src\main\AndroidManifest.xml
	xmlns:android
		ADDED from src\main\AndroidManifest.xml:2:11-69
uses-sdk
ADDED from src\main\AndroidManifest.xml:7:5-9:41
MERGED from [com.android.support:appcompat-v7:19.1.0] AndroidManifest.xml:18:5-42
MERGED from [com.android.support:support-v4:23.4.0] AndroidManifest.xml:20:5-43
	android:targetSdkVersion
		ADDED from src\main\AndroidManifest.xml:9:9-38
		INJECTED from src\main\AndroidManifest.xml
		INJECTED from src\main\AndroidManifest.xml
	android:minSdkVersion
		ADDED from src\main\AndroidManifest.xml:8:9-35
		INJECTED from src\main\AndroidManifest.xml
		INJECTED from src\main\AndroidManifest.xml
application
ADDED from src\main\AndroidManifest.xml:11:5-32:19
MERGED from [com.android.support:appcompat-v7:19.1.0] AndroidManifest.xml:19:5-20
MERGED from [com.android.support:support-v4:23.4.0] AndroidManifest.xml:22:5-20
	android:label
		ADDED from src\main\AndroidManifest.xml:14:9-41
	android:allowBackup
		ADDED from src\main\AndroidManifest.xml:12:9-35
	android:icon
		ADDED from src\main\AndroidManifest.xml:13:9-45
	android:theme
		ADDED from src\main\AndroidManifest.xml:15:9-62
	android:name
		ADDED from src\main\AndroidManifest.xml:16:9-62
activity#bong.anroid.mathmaster.MathMasterActivity
ADDED from src\main\AndroidManifest.xml:17:9-25:20
	android:label
		ADDED from src\main\AndroidManifest.xml:19:13-45
	android:name
		ADDED from src\main\AndroidManifest.xml:18:13-47
intent-filter#android.intent.action.MAIN+android.intent.category.LAUNCHER
ADDED from src\main\AndroidManifest.xml:20:13-24:29
action#android.intent.action.MAIN
ADDED from src\main\AndroidManifest.xml:21:17-69
	android:name
		ADDED from src\main\AndroidManifest.xml:21:25-66
category#android.intent.category.LAUNCHER
ADDED from src\main\AndroidManifest.xml:23:17-77
	android:name
		ADDED from src\main\AndroidManifest.xml:23:27-74
activity#bong.anroid.mathmaster.activity.WorkoutModeActivity
ADDED from src\main\AndroidManifest.xml:26:9-157
	android:windowSoftInputMode
		ADDED from src\main\AndroidManifest.xml:26:86-145
	android:name
		ADDED from src\main\AndroidManifest.xml:26:19-85
activity#bong.anroid.mathmaster.activity.WorkoutLevelActivity
ADDED from src\main\AndroidManifest.xml:27:9-158
	android:windowSoftInputMode
		ADDED from src\main\AndroidManifest.xml:27:87-146
	android:name
		ADDED from src\main\AndroidManifest.xml:27:19-86
activity#bong.anroid.mathmaster.activity.RankSettingActivity
ADDED from src\main\AndroidManifest.xml:28:9-157
	android:windowSoftInputMode
		ADDED from src\main\AndroidManifest.xml:28:86-145
	android:name
		ADDED from src\main\AndroidManifest.xml:28:19-85
activity#bong.anroid.mathmaster.activity.PlayMathActivity
ADDED from src\main\AndroidManifest.xml:29:9-154
	android:windowSoftInputMode
		ADDED from src\main\AndroidManifest.xml:29:83-142
	android:name
		ADDED from src\main\AndroidManifest.xml:29:19-82
activity#bong.anroid.mathmaster.activity.RegisterUserInfoActivity
ADDED from src\main\AndroidManifest.xml:30:9-162
	android:windowSoftInputMode
		ADDED from src\main\AndroidManifest.xml:30:91-150
	android:name
		ADDED from src\main\AndroidManifest.xml:30:19-90
uses-permission#android.permission.INTERNET
ADDED from src\main\AndroidManifest.xml:34:5-67
	android:name
		ADDED from src\main\AndroidManifest.xml:34:22-64
uses-permission#android.permission.ACCESS_NETWORK_STATE
ADDED from src\main\AndroidManifest.xml:35:5-78
	android:name
		ADDED from src\main\AndroidManifest.xml:35:22-76
uses-permission#android.permission.ACCESS_WIFI_STATE
ADDED from src\main\AndroidManifest.xml:36:5-76
	android:name
		ADDED from src\main\AndroidManifest.xml:36:22-73